<?xml version="1.0" encoding="UTF-8"?>
<!-- Generated by org.testng.reporters.JUnitReportReporter -->
<testsuite hostname="Gufran" name="Execution1.NavigationTabs" tests="1" failures="0" timestamp="23 Apr 2014 01:13:21 GMT" time="17.858" errors="0">
  <testcase name="test" time="17.858" classname="Execution1.NavigationTabs"/>
</testsuite> <!-- Execution1.NavigationTabs -->
